#
# A fatal error has been detected by the Java Runtime Environment:
#
#  EXCEPTION_ACCESS_VIOLATION (0xc0000005) at pc=0x00007ff934fd1388, pid=6352, tid=7220
#
# JRE version: OpenJDK Runtime Environment Temurin-17.0.6+10 (17.0.6+10) (build 17.0.6+10)
# Java VM: OpenJDK 64-Bit Server VM Temurin-17.0.6+10 (17.0.6+10, mixed mode, tiered, compressed oops, compressed class ptrs, parallel gc, windows-amd64)
# Problematic frame:
# V  [jvm.dll+0x681388]
#
# No core dump will be written. Minidumps are not enabled by default on client versions of Windows
#
# If you would like to submit a bug report, please visit:
#   https://github.com/adoptium/adoptium-support/issues
#

---------------  S U M M A R Y ------------

Command Line: --add-modules=ALL-SYSTEM --add-opens=java.base/java.util=ALL-UNNAMED --add-opens=java.base/java.lang=ALL-UNNAMED --add-opens=java.base/sun.nio.fs=ALL-UNNAMED -Declipse.application=org.eclipse.jdt.ls.core.id1 -Dosgi.bundles.defaultStartLevel=4 -Declipse.product=org.eclipse.jdt.ls.core.product -Djava.import.generatesMetadataFilesAtProjectRoot=false -Dfile.encoding=utf8 -XX:+UseParallelGC -XX:GCTimeRatio=4 -XX:AdaptiveSizePolicyWeight=90 -Dsun.zip.disableMemoryMapping=true -Xmx1G -Xms100m -Xlog:disable -javaagent:c:\Users\steph\.vscode\extensions\redhat.java-1.16.0-win32-x64\lombok\lombok-1.18.24.jar -XX:+HeapDumpOnOutOfMemoryError -XX:HeapDumpPath=c:\Users\steph\AppData\Roaming\Code\User\workspaceStorage\4cce55445a615a22d93a268d99ccd45d\redhat.java c:\Users\steph\.vscode\extensions\redhat.java-1.16.0-win32-x64\server\plugins\org.eclipse.equinox.launcher_1.6.400.v20210924-0641.jar -configuration c:\Users\steph\AppData\Roaming\Code\User\globalStorage\redhat.java\1.16.0\config_win -data c:\Users\steph\AppData\Roaming\Code\User\workspaceStorage\4cce55445a615a22d93a268d99ccd45d\redhat.java\jdt_ws

Host: AMD Ryzen 7 1700X Eight-Core Processor         , 16 cores, 15G,  Windows 11 , 64 bit Build 22000 (10.0.22000.1516)
Time: Sat Mar 25 15:18:38 2023 Eastern Daylight Time elapsed time: 1380.367205 seconds (0d 0h 23m 0s)

---------------  T H R E A D  ---------------

Current thread (0x00000202520c28f0):  GCTaskThread "GC Thread#12" [stack: 0x000000107b100000,0x000000107b200000] [id=7220]

Stack: [0x000000107b100000,0x000000107b200000],  sp=0x000000107b1ff720,  free space=1021k
Native frames: (J=compiled Java code, j=interpreted, Vv=VM code, C=native code)
V  [jvm.dll+0x681388]
V  [jvm.dll+0x6b3306]
V  [jvm.dll+0x6b3b2b]
V  [jvm.dll+0x8612eb]
V  [jvm.dll+0x861336]
V  [jvm.dll+0x7e483a]
V  [jvm.dll+0x6762c5]
C  [ucrtbase.dll+0x26c0c]
C  [KERNEL32.DLL+0x155a0]
C  [ntdll.dll+0x485b]


siginfo: EXCEPTION_ACCESS_VIOLATION (0xc0000005), reading address 0xffffffffffffff8b


Register to memory mapping:

RIP=0x00007ff934fd1388 jvm.dll
RAX=0x0000000001add206 is an unknown value
RBX=0x0000000001add206 is an unknown value
RCX=0x0 is NULL
RDX=0x0000000001add206 is an unknown value
RSP=0x000000107b1ff720 points into unknown readable memory: 0x0000000001acf620 | 20 f6 ac 01 00 00 00 00
RBP=0x00000000022a0000 is an unknown value
RSI=0x0000000001ae0000 is an unknown value
RDI=0x0000000001add208 is an unknown value
R8 =0x0000000000000003 is an unknown value
R9 =0x0000000001ae0000 is an unknown value
R10=0x000002024bbe0000 points into unknown readable memory: 0x2480000004900022 | 22 00 90 04 00 00 80 24
R11=0x000002024cf17390 points into unknown readable memory: 0x0000020236f70150 | 50 01 f7 36 02 02 00 00
R12=0x0000000001ae0000 is an unknown value
R13=0x00000000022a0000 is an unknown value
R14=0x00007ff9354d3e70 jvm.dll
R15=0x000000107b1ff7d0 points into unknown readable memory: 0x00007ff9352ffbd8 | d8 fb 2f 35 f9 7f 00 00


Registers:
RAX=0x0000000001add206, RBX=0x0000000001add206, RCX=0x0000000000000000, RDX=0x0000000001add206
RSP=0x000000107b1ff720, RBP=0x00000000022a0000, RSI=0x0000000001ae0000, RDI=0x0000000001add208
R8 =0x0000000000000003, R9 =0x0000000001ae0000, R10=0x000002024bbe0000, R11=0x000002024cf17390
R12=0x0000000001ae0000, R13=0x00000000022a0000, R14=0x00007ff9354d3e70, R15=0x000000107b1ff7d0
RIP=0x00007ff934fd1388, EFLAGS=0x0000000000010202

Top of Stack: (sp=0x000000107b1ff720)
0x000000107b1ff720:   0000000001acf620 00000000022a0000
0x000000107b1ff730:   0000000001ae0000 00007ff934ff9b68
0x000000107b1ff740:   000002024cf17390 0000000000000000
0x000000107b1ff750:   00007ff9354d3cd0 00007ff9354d3e70
0x000000107b1ff760:   00000000000001a4 00007ff935003306
0x000000107b1ff770:   0000000001ae0000 0000000000000000
0x000000107b1ff780:   000000107b1ff7a0 00000000000001ae
0x000000107b1ff790:   0000000001ae0000 00000000022a0000
0x000000107b1ff7a0:   00007ff9352ffbe8 00007ff9354d3e70
0x000000107b1ff7b0:   000002024cf17390 ffffffffffffffff
0x000000107b1ff7c0:   0000000000000000 0000020236f8fb20
0x000000107b1ff7d0:   00007ff9352ffbd8 00007ff9354d3e70
0x000000107b1ff7e0:   000002024cf17390 ffffffffffffffff
0x000000107b1ff7f0:   0000000000000000 00007ff900000000
0x000000107b1ff800:   0000020236f8fb20 000000107b1ff7c0
0x000000107b1ff810:   0000000000000000 00000202520c28f0 

Instructions: (pc=0x00007ff934fd1388)
0x00007ff934fd1288:   24 10 48 89 74 24 20 4c 89 44 24 18 57 41 54 41
0x00007ff934fd1298:   55 41 56 41 57 48 83 ec 20 48 8b 74 24 70 49 8b
0x00007ff934fd12a8:   d9 4c 8b 6c 24 78 4c 8b fa 4c 8b f1 4c 8d 66 3f
0x00007ff934fd12b8:   49 8d 6d 3f 49 83 e4 c0 48 83 e5 c0 4c 3b ce 0f
0x00007ff934fd12c8:   83 22 01 00 00 0f b6 c3 48 8b cb 24 3f 48 c1 e9
0x00007ff934fd12d8:   06 0f b6 d0 49 8b 46 10 48 8b 0c c8 48 0f a3 d1
0x00007ff934fd12e8:   72 55 49 8d 51 01 4c 8b c5 49 8d 4e 10 e8 e6 fc
0x00007ff934fd12f8:   ff ff 4c 8b 54 24 60 48 8b f8 4d 8b c5 48 8d 48
0x00007ff934fd1308:   ff 4d 8b 0a 49 8d 45 ff 48 3b c8 8b 0d 0f df 47
0x00007ff934fd1318:   00 49 8b 06 4c 0f 42 c7 4c 2b c3 48 d3 e3 49 d3
0x00007ff934fd1328:   e0 49 8b ca 48 8d 14 d8 41 ff 11 48 8b df 48 3b
0x00007ff934fd1338:   fe 0f 83 b0 00 00 00 49 8d 46 20 0f 1f 40 00 66
0x00007ff934fd1348:   0f 1f 84 00 00 00 00 00 4d 8b c4 48 8b d3 48 8b
0x00007ff934fd1358:   c8 e8 82 fc ff ff 8b 0d c4 de 47 00 48 8b f8 48
0x00007ff934fd1368:   3b c6 49 8b 06 0f 83 b2 00 00 00 4c 8b c7 4c 2b
0x00007ff934fd1378:   c3 48 d3 e3 49 ff c0 49 d3 e0 49 8b cf 48 8d 14
0x00007ff934fd1388:   d8 49 8b 07 ff 10 85 c0 75 76 48 ff c7 49 8d 4e
0x00007ff934fd1398:   10 48 8b d7 4c 8b c5 e8 3c fc ff ff 48 8b d8 48
0x00007ff934fd13a8:   3b c7 76 36 4c 8b 54 24 60 48 8d 50 ff 49 8d 4d
0x00007ff934fd13b8:   ff 4d 8b c5 48 3b d1 8b 0d 63 de 47 00 4d 8b 0a
0x00007ff934fd13c8:   4c 0f 42 c0 49 8b 06 4c 2b c7 48 d3 e7 49 d3 e0
0x00007ff934fd13d8:   49 8b ca 48 8d 14 f8 41 ff 11 49 8d 46 20 48 3b
0x00007ff934fd13e8:   de 0f 82 61 ff ff ff 8b 0d 33 de 47 00 49 8b 06
0x00007ff934fd13f8:   48 d3 e6 48 8d 0c f0 b8 01 00 00 00 49 89 4f 20
0x00007ff934fd1408:   48 8b 5c 24 50 48 8b 6c 24 58 48 8b 74 24 68 48
0x00007ff934fd1418:   83 c4 20 41 5f 41 5e 41 5d 41 5c 5f c3 48 d3 e3
0x00007ff934fd1428:   48 8d 0c d8 33 c0 eb d4 48 89 5c 24 08 48 89 6c
0x00007ff934fd1438:   24 10 48 89 74 24 18 57 41 54 41 55 41 56 41 57
0x00007ff934fd1448:   48 83 ec 20 49 8b c0 49 8d 69 3f 4c 8b fa 4c 8b
0x00007ff934fd1458:   f1 48 83 e5 c0 48 8b d0 4c 8b c5 48 83 c1 10 49
0x00007ff934fd1468:   8b f9 e8 71 fb ff ff 48 8b d8 48 3b c7 73 60 66
0x00007ff934fd1478:   0f 1f 84 00 00 00 00 00 4c 8b c5 49 8d 4e 20 48 


Stack slot to memory mapping:
stack at sp + 0 slots: 0x0000000001acf620 is an unknown value
stack at sp + 1 slots: 0x00000000022a0000 is an unknown value
stack at sp + 2 slots: 0x0000000001ae0000 is an unknown value
stack at sp + 3 slots: 0x00007ff934ff9b68 jvm.dll
stack at sp + 4 slots: 0x000002024cf17390 points into unknown readable memory: 0x0000020236f70150 | 50 01 f7 36 02 02 00 00
stack at sp + 5 slots: 0x0 is NULL
stack at sp + 6 slots: 0x00007ff9354d3cd0 jvm.dll
stack at sp + 7 slots: 0x00007ff9354d3e70 jvm.dll


---------------  P R O C E S S  ---------------

Threads class SMR info:
_java_thread_list=0x0000020256283a50, length=53, elements={
0x00000202372039f0, 0x000002024cfd6030, 0x000002024cfd9830, 0x000002024eb03f10,
0x000002024eb067e0, 0x000002024eb07190, 0x000002024eb082e0, 0x000002024eb0cd60,
0x000002024eb12ef0, 0x000002024eb73d10, 0x000002024ec341d0, 0x00000202509fe280,
0x0000020251e1c520, 0x0000020251c224f0, 0x0000020251c22f70, 0x0000020251cb7e30,
0x000002025247bc90, 0x0000020252097bc0, 0x0000020252095a10, 0x00000202520976f0,
0x0000020252095ee0, 0x0000020252098090, 0x00000202572a9de0, 0x00000202572a6dc0,
0x00000202572a85d0, 0x00000202572a4740, 0x00000202572aa780, 0x00000202572a9910,
0x00000202572a9440, 0x00000202572a55b0, 0x00000202572a5f50, 0x00000202572a4c10,
0x00000202572a50e0, 0x00000202520946d0, 0x00000202648f2040, 0x00000202648f41f0,
0x00000202648f0830, 0x00000202648eeb50, 0x00000202648f5530, 0x00000202648ef4f0,
0x00000202584ce520, 0x00000202584cd1e0, 0x00000202584cd6b0, 0x00000202584cf390,
0x00000202584d2880, 0x00000202584d1070, 0x00000202648f29e0, 0x00000202648f2eb0,
0x0000020256cb8830, 0x0000020256cb9b70, 0x0000020256cbd530, 0x00000202584cc840,
0x00000202584ccd10
}

Java Threads: ( => current thread )
  0x00000202372039f0 JavaThread "main" [_thread_blocked, id=11756, stack(0x0000001078a00000,0x0000001078b00000)]
  0x000002024cfd6030 JavaThread "Reference Handler" daemon [_thread_blocked, id=13840, stack(0x0000001078d00000,0x0000001078e00000)]
  0x000002024cfd9830 JavaThread "Finalizer" daemon [_thread_blocked, id=20240, stack(0x0000001078e00000,0x0000001078f00000)]
  0x000002024eb03f10 JavaThread "Signal Dispatcher" daemon [_thread_blocked, id=13436, stack(0x0000001078f00000,0x0000001079000000)]
  0x000002024eb067e0 JavaThread "Attach Listener" daemon [_thread_blocked, id=15128, stack(0x0000001079000000,0x0000001079100000)]
  0x000002024eb07190 JavaThread "Service Thread" daemon [_thread_blocked, id=14992, stack(0x0000001079100000,0x0000001079200000)]
  0x000002024eb082e0 JavaThread "Monitor Deflation Thread" daemon [_thread_blocked, id=12804, stack(0x0000001079200000,0x0000001079300000)]
  0x000002024eb0cd60 JavaThread "C2 CompilerThread0" daemon [_thread_blocked, id=20796, stack(0x0000001079300000,0x0000001079400000)]
  0x000002024eb12ef0 JavaThread "C1 CompilerThread0" daemon [_thread_blocked, id=7996, stack(0x0000001079400000,0x0000001079500000)]
  0x000002024eb73d10 JavaThread "Sweeper thread" daemon [_thread_blocked, id=10756, stack(0x0000001079500000,0x0000001079600000)]
  0x000002024ec341d0 JavaThread "Common-Cleaner" daemon [_thread_blocked, id=20756, stack(0x0000001079600000,0x0000001079700000)]
  0x00000202509fe280 JavaThread "Notification Thread" daemon [_thread_blocked, id=19988, stack(0x0000001079a00000,0x0000001079b00000)]
  0x0000020251e1c520 JavaThread "Active Thread: Equinox Container: d7c68033-0cce-41f3-b354-cd5a0269d55e" [_thread_blocked, id=1480, stack(0x000000107a300000,0x000000107a400000)]
  0x0000020251c224f0 JavaThread "Framework Event Dispatcher: Equinox Container: d7c68033-0cce-41f3-b354-cd5a0269d55e" daemon [_thread_blocked, id=19356, stack(0x000000107a400000,0x000000107a500000)]
  0x0000020251c22f70 JavaThread "Start Level: Equinox Container: d7c68033-0cce-41f3-b354-cd5a0269d55e" daemon [_thread_blocked, id=6620, stack(0x000000107a500000,0x000000107a600000)]
  0x0000020251cb7e30 JavaThread "SCR Component Actor" daemon [_thread_blocked, id=1972, stack(0x000000107a600000,0x000000107a700000)]
  0x000002025247bc90 JavaThread "Worker-JM" [_thread_blocked, id=14744, stack(0x0000001079d00000,0x0000001079e00000)]
  0x0000020252097bc0 JavaThread "Java indexing" daemon [_thread_blocked, id=8600, stack(0x000000107b200000,0x000000107b300000)]
  0x0000020252095a10 JavaThread "JNA Cleaner" daemon [_thread_blocked, id=10896, stack(0x0000001079c00000,0x0000001079d00000)]
  0x00000202520976f0 JavaThread "pool-2-thread-1" [_thread_blocked, id=20936, stack(0x000000107bd00000,0x000000107be00000)]
  0x0000020252095ee0 JavaThread "pool-1-thread-1" [_thread_blocked, id=1560, stack(0x000000107be00000,0x000000107bf00000)]
  0x0000020252098090 JavaThread "Timer-0" [_thread_blocked, id=1644, stack(0x000000107bf00000,0x000000107c000000)]
  0x00000202572a9de0 JavaThread "Timer-1" [_thread_blocked, id=12000, stack(0x000000107c000000,0x000000107c100000)]
  0x00000202572a6dc0 JavaThread "Timer-2" [_thread_blocked, id=15688, stack(0x000000107b400000,0x000000107b500000)]
  0x00000202572a85d0 JavaThread "Timer-3" [_thread_blocked, id=4252, stack(0x000000107b500000,0x000000107b600000)]
  0x00000202572a4740 JavaThread "Timer-4" [_thread_blocked, id=18400, stack(0x000000107c200000,0x000000107c300000)]
  0x00000202572aa780 JavaThread "Timer-5" [_thread_blocked, id=20504, stack(0x0000001079900000,0x0000001079a00000)]
  0x00000202572a9910 JavaThread "ForkJoinPool.commonPool-worker-2" daemon [_thread_blocked, id=1928, stack(0x000000107c800000,0x000000107c900000)]
  0x00000202572a9440 JavaThread "ForkJoinPool.commonPool-worker-3" daemon [_thread_blocked, id=15452, stack(0x000000107c900000,0x000000107ca00000)]
  0x00000202572a55b0 JavaThread "ForkJoinPool.commonPool-worker-4" daemon [_thread_blocked, id=10532, stack(0x000000107ca00000,0x000000107cb00000)]
  0x00000202572a5f50 JavaThread "ForkJoinPool.commonPool-worker-6" daemon [_thread_blocked, id=3896, stack(0x000000107cc00000,0x000000107cd00000)]
  0x00000202572a4c10 JavaThread "ForkJoinPool.commonPool-worker-7" daemon [_thread_blocked, id=11400, stack(0x000000107cd00000,0x000000107ce00000)]
  0x00000202572a50e0 JavaThread "ForkJoinPool.commonPool-worker-8" daemon [_thread_blocked, id=20676, stack(0x000000107ce00000,0x000000107cf00000)]
  0x00000202520946d0 JavaThread "ForkJoinPool.commonPool-worker-9" daemon [_thread_blocked, id=17848, stack(0x000000107cf00000,0x000000107d000000)]
  0x00000202648f2040 JavaThread "ForkJoinPool.commonPool-worker-10" daemon [_thread_blocked, id=1740, stack(0x000000107d000000,0x000000107d100000)]
  0x00000202648f41f0 JavaThread "Bundle File Closer" daemon [_thread_blocked, id=17216, stack(0x000000107d500000,0x000000107d600000)]
  0x00000202648f0830 JavaThread "Worker-5" [_thread_blocked, id=4156, stack(0x000000107d400000,0x000000107d500000)]
  0x00000202648eeb50 JavaThread "ForkJoinPool.commonPool-worker-12" daemon [_thread_blocked, id=9612, stack(0x000000107d600000,0x000000107d700000)]
  0x00000202648f5530 JavaThread "ForkJoinPool.commonPool-worker-13" daemon [_thread_blocked, id=17416, stack(0x000000107d700000,0x000000107d800000)]
  0x00000202648ef4f0 JavaThread "ForkJoinPool.commonPool-worker-14" daemon [_thread_blocked, id=12708, stack(0x000000107d800000,0x000000107d900000)]
  0x00000202584ce520 JavaThread "Java Debug Server" daemon [_thread_in_native, id=17200, stack(0x0000001078900000,0x0000001078a00000)]
  0x00000202584cd1e0 JavaThread "pool-5-thread-1" [_thread_blocked, id=1940, stack(0x0000001079700000,0x0000001079800000)]
  0x00000202584cd6b0 JavaThread "RxSchedulerPurge-1" daemon [_thread_blocked, id=14960, stack(0x0000001079800000,0x0000001079900000)]
  0x00000202584cf390 JavaThread "RxCachedWorkerPoolEvictor-1" daemon [_thread_blocked, id=14256, stack(0x000000107a900000,0x000000107aa00000)]
  0x00000202584d2880 JavaThread "ForkJoinPool.commonPool-worker-16" daemon [_thread_blocked, id=2212, stack(0x000000107b000000,0x000000107b100000)]
  0x00000202584d1070 JavaThread "ForkJoinPool.commonPool-worker-17" daemon [_thread_blocked, id=19016, stack(0x000000107b800000,0x000000107b900000)]
  0x00000202648f29e0 JavaThread "ForkJoinPool.commonPool-worker-18" daemon [_thread_blocked, id=11028, stack(0x000000107bc00000,0x000000107bd00000)]
  0x00000202648f2eb0 JavaThread "ForkJoinPool.commonPool-worker-19" daemon [_thread_blocked, id=8768, stack(0x000000107c100000,0x000000107c200000)]
  0x0000020256cb8830 JavaThread "Worker-10" [_thread_blocked, id=15064, stack(0x000000107b900000,0x000000107ba00000)]
  0x0000020256cb9b70 JavaThread "Worker-11" [_thread_blocked, id=4516, stack(0x000000107b700000,0x000000107b800000)]
  0x0000020256cbd530 JavaThread "Worker-12" [_thread_blocked, id=20044, stack(0x000000107c600000,0x000000107c700000)]
  0x00000202584cc840 JavaThread "Worker-13" [_thread_blocked, id=5612, stack(0x000000107b300000,0x000000107b400000)]
  0x00000202584ccd10 JavaThread "pool-1-thread-7" [_thread_blocked, id=7040, stack(0x000000107bb00000,0x000000107bc00000)]

Other Threads:
  0x000002024ce7c2b0 VMThread "VM Thread" [stack: 0x0000001078c00000,0x0000001078d00000] [id=2776]
  0x0000020250a83690 WatcherThread [stack: 0x0000001079b00000,0x0000001079c00000] [id=4992]
  0x000002023721ae30 GCTaskThread "GC Thread#0" [stack: 0x0000001078b00000,0x0000001078c00000] [id=1248]
  0x0000020250dc1d80 GCTaskThread "GC Thread#1" [stack: 0x0000001079e00000,0x0000001079f00000] [id=17116]
  0x0000020251164d90 GCTaskThread "GC Thread#2" [stack: 0x0000001079f00000,0x000000107a000000] [id=7616]
  0x0000020251165040 GCTaskThread "GC Thread#3" [stack: 0x000000107a000000,0x000000107a100000] [id=9372]
  0x0000020251169b20 GCTaskThread "GC Thread#4" [stack: 0x000000107a100000,0x000000107a200000] [id=11728]
  0x0000020251169dd0 GCTaskThread "GC Thread#5" [stack: 0x000000107a200000,0x000000107a300000] [id=10072]
  0x0000020251d78cc0 GCTaskThread "GC Thread#6" [stack: 0x000000107a700000,0x000000107a800000] [id=6868]
  0x0000020251d72ec0 GCTaskThread "GC Thread#7" [stack: 0x000000107a800000,0x000000107a900000] [id=4012]
  0x0000020252498bf0 GCTaskThread "GC Thread#8" [stack: 0x000000107aa00000,0x000000107ab00000] [id=11192]
  0x000002025248f480 GCTaskThread "GC Thread#9" [stack: 0x000000107ab00000,0x000000107ac00000] [id=17920]
  0x00000202524e8050 GCTaskThread "GC Thread#10" [stack: 0x000000107ac00000,0x000000107ad00000] [id=9600]
  0x00000202524e8710 GCTaskThread "GC Thread#11" [stack: 0x000000107ad00000,0x000000107ae00000] [id=18428]
=>0x00000202520c28f0 GCTaskThread "GC Thread#12" [stack: 0x000000107b100000,0x000000107b200000] [id=7220]

Threads with active compile tasks:

VM state: at safepoint (normal execution)

VM Mutex/Monitor currently owned by a thread:  ([mutex/lock_event])
[0x00000202371ff130] Threads_lock - owner thread: 0x000002024ce7c2b0
[0x00000202371ff250] Heap_lock - owner thread: 0x00000202648ef4f0

Heap address: 0x00000000c0000000, size: 1024 MB, Compressed Oops mode: 32-bit

CDS archive(s) not mapped
Compressed class space mapped at: 0x0000000100000000-0x0000000140000000, reserved size: 1073741824
Narrow klass base: 0x0000000000000000, Narrow klass shift: 3, Narrow klass range: 0x140000000

GC Precious Log:
 CPUs: 16 total, 16 available
 Memory: 16333M
 Large Page Support: Disabled
 NUMA Support: Disabled
 Compressed Oops: Enabled (32-bit)
 Alignments: Space 512K, Generation 512K, Heap 2M
 Heap Min Capacity: 100M
 Heap Initial Capacity: 100M
 Heap Max Capacity: 1G
 Pre-touch: Disabled
 Parallel Workers: 13

Heap:
 PSYoungGen      total 93696K, used 224K [0x00000000eab00000, 0x00000000f0e00000, 0x0000000100000000)
  eden space 93184K, 0% used [0x00000000eab00000,0x00000000eab00000,0x00000000f0600000)
  from space 512K, 43% used [0x00000000f0d80000,0x00000000f0db8000,0x00000000f0e00000)
  to   space 1024K, 0% used [0x00000000f0c00000,0x00000000f0c00000,0x00000000f0d00000)
 ParOldGen       total 340480K, used 340003K [0x00000000c0000000, 0x00000000d4c80000, 0x00000000eab00000)
  object space 340480K, 99% used [0x00000000c0000000,0x00000000d4c08f98,0x00000000d4c80000)
 Metaspace       used 101412K, committed 102720K, reserved 1146880K
  class space    used 10894K, committed 11520K, reserved 1048576K

Card table byte_map: [0x000002024a870000,0x000002024aa80000] _byte_map_base: 0x000002024a270000

Marking Bits: (ParMarkBitMap*) 0x00007ff9354d3e70
 Begin Bits: [0x000002024abe0000, 0x000002024bbe0000)
 End Bits:   [0x000002024bbe0000, 0x000002024cbe0000)

Polling page: 0x00000202372d0000

Metaspace:

Usage:
  Non-class:     88.40 MB used.
      Class:     10.64 MB used.
       Both:     99.04 MB used.

Virtual space:
  Non-class space:       96.00 MB reserved,      89.06 MB ( 93%) committed,  12 nodes.
      Class space:        1.00 GB reserved,      11.25 MB (  1%) committed,  1 nodes.
             Both:        1.09 GB reserved,     100.31 MB (  9%) committed. 

Chunk freelists:
   Non-Class:  2.72 MB
       Class:  735.00 KB
        Both:  3.44 MB

MaxMetaspaceSize: unlimited
CompressedClassSpaceSize: 1.00 GB
Initial GC threshold: 21.00 MB
Current GC threshold: 167.19 MB
CDS: off
MetaspaceReclaimPolicy: balanced
 - commit_granule_bytes: 65536.
 - commit_granule_words: 8192.
 - virtual_space_node_default_size: 1048576.
 - enlarge_chunks_in_place: 1.
 - new_chunks_are_fully_committed: 0.
 - uncommit_free_chunks: 1.
 - use_allocation_guard: 0.
 - handle_deallocations: 1.


Internal statistics:

num_allocs_failed_limit: 6.
num_arena_births: 954.
num_arena_deaths: 326.
num_vsnodes_births: 13.
num_vsnodes_deaths: 0.
num_space_committed: 1605.
num_space_uncommitted: 0.
num_chunks_returned_to_freelist: 448.
num_chunks_taken_from_freelist: 5546.
num_chunk_merges: 176.
num_chunk_splits: 3331.
num_chunks_enlarged: 1850.
num_purges: 10.
num_inconsistent_stats: 0.

CodeHeap 'non-profiled nmethods': size=119168Kb used=34466Kb max_used=34466Kb free=84701Kb
 bounds [0x0000020243230000, 0x00000202453f0000, 0x000002024a690000]
CodeHeap 'profiled nmethods': size=119104Kb used=36938Kb max_used=37967Kb free=82165Kb
 bounds [0x000002023b690000, 0x000002023dbf0000, 0x0000020242ae0000]
CodeHeap 'non-nmethods': size=7488Kb used=1432Kb max_used=3201Kb free=6056Kb
 bounds [0x0000020242ae0000, 0x0000020242e10000, 0x0000020243230000]
 total_blobs=20922 nmethods=20146 adapters=687
 compilation: enabled
              stopped_count=0, restarted_count=0
 full_count=0

Compilation events (20 events):
Event: 1349.324 Thread 0x000002024eb0cd60 31456       4       org.eclipse.jdt.internal.compiler.parser.Parser::consumeEmptyStatement (243 bytes)
Event: 1349.332 Thread 0x000002024eb0cd60 nmethod 31456 0x0000020244a61a90 code [0x0000020244a61c60, 0x0000020244a62518]
Event: 1349.339 Thread 0x000002024eb0cd60 31457       4       org.eclipse.jdt.internal.codeassist.complete.CompletionParser::<init> (78 bytes)
Event: 1349.345 Thread 0x000002024eb0cd60 nmethod 31457 0x0000020244a60b90 code [0x0000020244a60d60, 0x0000020244a61708]
Event: 1349.345 Thread 0x000002024eb0cd60 31458       4       org.eclipse.jdt.internal.codeassist.complete.CompletionParser::consumeEmptyStatement (155 bytes)
Event: 1349.364 Thread 0x000002024eb0cd60 nmethod 31458 0x0000020243f54c90 code [0x0000020243f54ec0, 0x0000020243f55e68]
Event: 1349.364 Thread 0x000002024eb0cd60 31459       4       org.eclipse.jdt.internal.codeassist.complete.CompletionParser::createSnapShotParser (5 bytes)
Event: 1349.371 Thread 0x000002024eb0cd60 nmethod 31459 0x0000020243f53c90 code [0x0000020243f53e80, 0x0000020243f54888]
Event: 1349.371 Thread 0x000002024eb0cd60 31460       4       org.eclipse.jdt.internal.codeassist.impl.AssistParser::noProgressSince (112 bytes)
Event: 1349.372 Thread 0x000002024eb0cd60 nmethod 31460 0x00000202449b9290 code [0x00000202449b9400, 0x00000202449b94f8]
Event: 1349.388 Thread 0x000002024eb0cd60 31461       4       org.eclipse.jdt.internal.codeassist.impl.AssistParser::safeToResume (57 bytes)
Event: 1349.404 Thread 0x000002024eb0cd60 nmethod 31461 0x0000020244506690 code [0x00000202445068a0, 0x0000020244507b58]
Event: 1349.526 Thread 0x000002024eb12ef0 31462  s!   3       org.eclipse.jdt.internal.core.search.indexing.IndexManager::getIndex (395 bytes)
Event: 1349.528 Thread 0x000002024eb12ef0 nmethod 31462 0x000002023ccd1510 code [0x000002023ccd1c00, 0x000002023ccd4fb8]
Event: 1349.684 Thread 0x000002024eb0cd60 31463 %     4       org.eclipse.jdt.internal.compiler.parser.RecoveredType::updatedTypeDeclaration @ 997 (1587 bytes)
Event: 1349.721 Thread 0x000002024eb0cd60 nmethod 31463% 0x00000202445bf010 code [0x00000202445bf280, 0x00000202445c0aa0]
Event: 1349.721 Thread 0x000002024eb0cd60 31464   !   4       org.eclipse.jdt.internal.compiler.lookup.ParameterizedTypeBinding::getNonWildcardParameterization (451 bytes)
Event: 1349.740 Thread 0x000002024eb0cd60 nmethod 31464 0x0000020244504a10 code [0x0000020244504c40, 0x0000020244505ae0]
Event: 1350.079 Thread 0x000002024eb0cd60 31465       4       java.util.Formatter$FixedString::print (26 bytes)
Event: 1350.081 Thread 0x000002024eb0cd60 nmethod 31465 0x0000020243f53610 code [0x0000020243f537c0, 0x0000020243f53988]

GC Heap History (20 events):
Event: 1380.047 GC heap after
{Heap after GC invocations=11019 (full 198):
 PSYoungGen      total 83456K, used 1422K [0x00000000eab00000, 0x00000000eff80000, 0x0000000100000000)
  eden space 81920K, 0% used [0x00000000eab00000,0x00000000eab00000,0x00000000efb00000)
  from space 1536K, 92% used [0x00000000efd80000,0x00000000efee3be0,0x00000000eff00000)
  to   space 512K, 0% used [0x00000000eff00000,0x00000000eff00000,0x00000000eff80000)
 ParOldGen       total 340480K, used 336808K [0x00000000c0000000, 0x00000000d4c80000, 0x00000000eab00000)
  object space 340480K, 98% used [0x00000000c0000000,0x00000000d48ea038,0x00000000d4c80000)
 Metaspace       used 101412K, committed 102720K, reserved 1146880K
  class space    used 10894K, committed 11520K, reserved 1048576K
}
Event: 1380.065 GC heap before
{Heap before GC invocations=11020 (full 198):
 PSYoungGen      total 83456K, used 83114K [0x00000000eab00000, 0x00000000eff80000, 0x0000000100000000)
  eden space 81920K, 99% used [0x00000000eab00000,0x00000000efac6c38,0x00000000efb00000)
  from space 1536K, 92% used [0x00000000efd80000,0x00000000efee3be0,0x00000000eff00000)
  to   space 512K, 0% used [0x00000000eff00000,0x00000000eff00000,0x00000000eff80000)
 ParOldGen       total 340480K, used 336808K [0x00000000c0000000, 0x00000000d4c80000, 0x00000000eab00000)
  object space 340480K, 98% used [0x00000000c0000000,0x00000000d48ea038,0x00000000d4c80000)
 Metaspace       used 101412K, committed 102720K, reserved 1146880K
  class space    used 10894K, committed 11520K, reserved 1048576K
}
Event: 1380.067 GC heap after
{Heap after GC invocations=11020 (full 198):
 PSYoungGen      total 80384K, used 496K [0x00000000eab00000, 0x00000000eff80000, 0x0000000100000000)
  eden space 79872K, 0% used [0x00000000eab00000,0x00000000eab00000,0x00000000ef900000)
  from space 512K, 96% used [0x00000000eff00000,0x00000000eff7c030,0x00000000eff80000)
  to   space 2048K, 0% used [0x00000000efb80000,0x00000000efb80000,0x00000000efd80000)
 ParOldGen       total 340480K, used 338168K [0x00000000c0000000, 0x00000000d4c80000, 0x00000000eab00000)
  object space 340480K, 99% used [0x00000000c0000000,0x00000000d4a3e0c8,0x00000000d4c80000)
 Metaspace       used 101412K, committed 102720K, reserved 1146880K
  class space    used 10894K, committed 11520K, reserved 1048576K
}
Event: 1380.084 GC heap before
{Heap before GC invocations=11021 (full 198):
 PSYoungGen      total 80384K, used 80046K [0x00000000eab00000, 0x00000000eff80000, 0x0000000100000000)
  eden space 79872K, 99% used [0x00000000eab00000,0x00000000ef8af918,0x00000000ef900000)
  from space 512K, 96% used [0x00000000eff00000,0x00000000eff7c030,0x00000000eff80000)
  to   space 2048K, 0% used [0x00000000efb80000,0x00000000efb80000,0x00000000efd80000)
 ParOldGen       total 340480K, used 338168K [0x00000000c0000000, 0x00000000d4c80000, 0x00000000eab00000)
  object space 340480K, 99% used [0x00000000c0000000,0x00000000d4a3e0c8,0x00000000d4c80000)
 Metaspace       used 101412K, committed 102720K, reserved 1146880K
  class space    used 10894K, committed 11520K, reserved 1048576K
}
Event: 1380.087 GC heap after
{Heap after GC invocations=11021 (full 198):
 PSYoungGen      total 79872K, used 1952K [0x00000000eab00000, 0x00000000eff80000, 0x0000000100000000)
  eden space 77824K, 0% used [0x00000000eab00000,0x00000000eab00000,0x00000000ef700000)
  from space 2048K, 95% used [0x00000000efb80000,0x00000000efd680c0,0x00000000efd80000)
  to   space 2048K, 0% used [0x00000000efd80000,0x00000000efd80000,0x00000000eff80000)
 ParOldGen       total 340480K, used 338176K [0x00000000c0000000, 0x00000000d4c80000, 0x00000000eab00000)
  object space 340480K, 99% used [0x00000000c0000000,0x00000000d4a400c8,0x00000000d4c80000)
 Metaspace       used 101412K, committed 102720K, reserved 1146880K
  class space    used 10894K, committed 11520K, reserved 1048576K
}
Event: 1380.102 GC heap before
{Heap before GC invocations=11022 (full 198):
 PSYoungGen      total 79872K, used 79668K [0x00000000eab00000, 0x00000000eff80000, 0x0000000100000000)
  eden space 77824K, 99% used [0x00000000eab00000,0x00000000ef6e5218,0x00000000ef700000)
  from space 2048K, 95% used [0x00000000efb80000,0x00000000efd680c0,0x00000000efd80000)
  to   space 2048K, 0% used [0x00000000efd80000,0x00000000efd80000,0x00000000eff80000)
 ParOldGen       total 340480K, used 338176K [0x00000000c0000000, 0x00000000d4c80000, 0x00000000eab00000)
  object space 340480K, 99% used [0x00000000c0000000,0x00000000d4a400c8,0x00000000d4c80000)
 Metaspace       used 101412K, committed 102720K, reserved 1146880K
  class space    used 10894K, committed 11520K, reserved 1048576K
}
Event: 1380.105 GC heap after
{Heap after GC invocations=11022 (full 198):
 PSYoungGen      total 77824K, used 1888K [0x00000000eab00000, 0x00000000eff80000, 0x0000000100000000)
  eden space 75776K, 0% used [0x00000000eab00000,0x00000000eab00000,0x00000000ef500000)
  from space 2048K, 92% used [0x00000000efd80000,0x00000000eff580c0,0x00000000eff80000)
  to   space 2048K, 0% used [0x00000000efb80000,0x00000000efb80000,0x00000000efd80000)
 ParOldGen       total 340480K, used 338632K [0x00000000c0000000, 0x00000000d4c80000, 0x00000000eab00000)
  object space 340480K, 99% used [0x00000000c0000000,0x00000000d4ab20f8,0x00000000d4c80000)
 Metaspace       used 101412K, committed 102720K, reserved 1146880K
  class space    used 10894K, committed 11520K, reserved 1048576K
}
Event: 1380.122 GC heap before
{Heap before GC invocations=11023 (full 198):
 PSYoungGen      total 77824K, used 77507K [0x00000000eab00000, 0x00000000eff80000, 0x0000000100000000)
  eden space 75776K, 99% used [0x00000000eab00000,0x00000000ef4d8dc8,0x00000000ef500000)
  from space 2048K, 92% used [0x00000000efd80000,0x00000000eff580c0,0x00000000eff80000)
  to   space 2048K, 0% used [0x00000000efb80000,0x00000000efb80000,0x00000000efd80000)
 ParOldGen       total 340480K, used 338632K [0x00000000c0000000, 0x00000000d4c80000, 0x00000000eab00000)
  object space 340480K, 99% used [0x00000000c0000000,0x00000000d4ab20f8,0x00000000d4c80000)
 Metaspace       used 101412K, committed 102720K, reserved 1146880K
  class space    used 10894K, committed 11520K, reserved 1048576K
}
Event: 1380.129 GC heap after
{Heap after GC invocations=11023 (full 198):
 PSYoungGen      total 84480K, used 1889K [0x00000000eab00000, 0x00000000f0400000, 0x0000000100000000)
  eden space 82432K, 0% used [0x00000000eab00000,0x00000000eab00000,0x00000000efb80000)
  from space 2048K, 92% used [0x00000000efb80000,0x00000000efd58700,0x00000000efd80000)
  to   space 2048K, 0% used [0x00000000f0200000,0x00000000f0200000,0x00000000f0400000)
 ParOldGen       total 340480K, used 338640K [0x00000000c0000000, 0x00000000d4c80000, 0x00000000eab00000)
  object space 340480K, 99% used [0x00000000c0000000,0x00000000d4ab40f8,0x00000000d4c80000)
 Metaspace       used 101412K, committed 102720K, reserved 1146880K
  class space    used 10894K, committed 11520K, reserved 1048576K
}
Event: 1380.145 GC heap before
{Heap before GC invocations=11024 (full 198):
 PSYoungGen      total 84480K, used 84230K [0x00000000eab00000, 0x00000000f0400000, 0x0000000100000000)
  eden space 82432K, 99% used [0x00000000eab00000,0x00000000efb69218,0x00000000efb80000)
  from space 2048K, 92% used [0x00000000efb80000,0x00000000efd58700,0x00000000efd80000)
  to   space 2048K, 0% used [0x00000000f0200000,0x00000000f0200000,0x00000000f0400000)
 ParOldGen       total 340480K, used 338640K [0x00000000c0000000, 0x00000000d4c80000, 0x00000000eab00000)
  object space 340480K, 99% used [0x00000000c0000000,0x00000000d4ab40f8,0x00000000d4c80000)
 Metaspace       used 101412K, committed 102720K, reserved 1146880K
  class space    used 10894K, committed 11520K, reserved 1048576K
}
Event: 1380.148 GC heap after
{Heap after GC invocations=11024 (full 198):
 PSYoungGen      total 89088K, used 1889K [0x00000000eab00000, 0x00000000f0b00000, 0x0000000100000000)
  eden space 87040K, 0% used [0x00000000eab00000,0x00000000eab00000,0x00000000f0000000)
  from space 2048K, 92% used [0x00000000f0200000,0x00000000f03d8700,0x00000000f0400000)
  to   space 2048K, 0% used [0x00000000f0000000,0x00000000f0000000,0x00000000f0200000)
 ParOldGen       total 340480K, used 338648K [0x00000000c0000000, 0x00000000d4c80000, 0x00000000eab00000)
  object space 340480K, 99% used [0x00000000c0000000,0x00000000d4ab60f8,0x00000000d4c80000)
 Metaspace       used 101412K, committed 102720K, reserved 1146880K
  class space    used 10894K, committed 11520K, reserved 1048576K
}
Event: 1380.172 GC heap before
{Heap before GC invocations=11025 (full 198):
 PSYoungGen      total 89088K, used 88848K [0x00000000eab00000, 0x00000000f0b00000, 0x0000000100000000)
  eden space 87040K, 99% used [0x00000000eab00000,0x00000000effeb990,0x00000000f0000000)
  from space 2048K, 92% used [0x00000000f0200000,0x00000000f03d8700,0x00000000f0400000)
  to   space 2048K, 0% used [0x00000000f0000000,0x00000000f0000000,0x00000000f0200000)
 ParOldGen       total 340480K, used 338648K [0x00000000c0000000, 0x00000000d4c80000, 0x00000000eab00000)
  object space 340480K, 99% used [0x00000000c0000000,0x00000000d4ab60f8,0x00000000d4c80000)
 Metaspace       used 101412K, committed 102720K, reserved 1146880K
  class space    used 10894K, committed 11520K, reserved 1048576K
}
Event: 1380.174 GC heap after
{Heap after GC invocations=11025 (full 198):
 PSYoungGen      total 89088K, used 1489K [0x00000000eab00000, 0x00000000f0f80000, 0x0000000100000000)
  eden space 87040K, 0% used [0x00000000eab00000,0x00000000eab00000,0x00000000f0000000)
  from space 2048K, 72% used [0x00000000f0000000,0x00000000f0174540,0x00000000f0200000)
  to   space 2048K, 0% used [0x00000000f0d80000,0x00000000f0d80000,0x00000000f0f80000)
 ParOldGen       total 340480K, used 338656K [0x00000000c0000000, 0x00000000d4c80000, 0x00000000eab00000)
  object space 340480K, 99% used [0x00000000c0000000,0x00000000d4ab80f8,0x00000000d4c80000)
 Metaspace       used 101412K, committed 102720K, reserved 1146880K
  class space    used 10894K, committed 11520K, reserved 1048576K
}
Event: 1380.190 GC heap before
{Heap before GC invocations=11026 (full 198):
 PSYoungGen      total 89088K, used 88502K [0x00000000eab00000, 0x00000000f0f80000, 0x0000000100000000)
  eden space 87040K, 99% used [0x00000000eab00000,0x00000000efff93b8,0x00000000f0000000)
  from space 2048K, 72% used [0x00000000f0000000,0x00000000f0174540,0x00000000f0200000)
  to   space 2048K, 0% used [0x00000000f0d80000,0x00000000f0d80000,0x00000000f0f80000)
 ParOldGen       total 340480K, used 338656K [0x00000000c0000000, 0x00000000d4c80000, 0x00000000eab00000)
  object space 340480K, 99% used [0x00000000c0000000,0x00000000d4ab80f8,0x00000000d4c80000)
 Metaspace       used 101412K, committed 102720K, reserved 1146880K
  class space    used 10894K, committed 11520K, reserved 1048576K
}
Event: 1380.193 GC heap after
{Heap after GC invocations=11026 (full 198):
 PSYoungGen      total 86528K, used 1923K [0x00000000eab00000, 0x00000000f0f80000, 0x0000000100000000)
  eden space 84480K, 0% used [0x00000000eab00000,0x00000000eab00000,0x00000000efd80000)
  from space 2048K, 93% used [0x00000000f0d80000,0x00000000f0f60d40,0x00000000f0f80000)
  to   space 2048K, 0% used [0x00000000f0b80000,0x00000000f0b80000,0x00000000f0d80000)
 ParOldGen       total 340480K, used 338664K [0x00000000c0000000, 0x00000000d4c80000, 0x00000000eab00000)
  object space 340480K, 99% used [0x00000000c0000000,0x00000000d4aba0f8,0x00000000d4c80000)
 Metaspace       used 101412K, committed 102720K, reserved 1146880K
  class space    used 10894K, committed 11520K, reserved 1048576K
}
Event: 1380.209 GC heap before
{Heap before GC invocations=11027 (full 198):
 PSYoungGen      total 86528K, used 85980K [0x00000000eab00000, 0x00000000f0f80000, 0x0000000100000000)
  eden space 84480K, 99% used [0x00000000eab00000,0x00000000efd164e0,0x00000000efd80000)
  from space 2048K, 93% used [0x00000000f0d80000,0x00000000f0f60d40,0x00000000f0f80000)
  to   space 2048K, 0% used [0x00000000f0b80000,0x00000000f0b80000,0x00000000f0d80000)
 ParOldGen       total 340480K, used 338664K [0x00000000c0000000, 0x00000000d4c80000, 0x00000000eab00000)
  object space 340480K, 99% used [0x00000000c0000000,0x00000000d4aba0f8,0x00000000d4c80000)
 Metaspace       used 101412K, committed 102720K, reserved 1146880K
  class space    used 10894K, committed 11520K, reserved 1048576K
}
Event: 1380.212 GC heap after
{Heap after GC invocations=11027 (full 198):
 PSYoungGen      total 98304K, used 1891K [0x00000000eab00000, 0x00000000f0e00000, 0x0000000100000000)
  eden space 96256K, 0% used [0x00000000eab00000,0x00000000eab00000,0x00000000f0900000)
  from space 2048K, 92% used [0x00000000f0b80000,0x00000000f0d58d40,0x00000000f0d80000)
  to   space 512K, 0% used [0x00000000f0d80000,0x00000000f0d80000,0x00000000f0e00000)
 ParOldGen       total 340480K, used 338672K [0x00000000c0000000, 0x00000000d4c80000, 0x00000000eab00000)
  object space 340480K, 99% used [0x00000000c0000000,0x00000000d4abc0f8,0x00000000d4c80000)
 Metaspace       used 101412K, committed 102720K, reserved 1146880K
  class space    used 10894K, committed 11520K, reserved 1048576K
}
Event: 1380.233 GC heap before
{Heap before GC invocations=11028 (full 198):
 PSYoungGen      total 98304K, used 98147K [0x00000000eab00000, 0x00000000f0e00000, 0x0000000100000000)
  eden space 96256K, 100% used [0x00000000eab00000,0x00000000f0900000,0x00000000f0900000)
  from space 2048K, 92% used [0x00000000f0b80000,0x00000000f0d58d40,0x00000000f0d80000)
  to   space 512K, 0% used [0x00000000f0d80000,0x00000000f0d80000,0x00000000f0e00000)
 ParOldGen       total 340480K, used 338672K [0x00000000c0000000, 0x00000000d4c80000, 0x00000000eab00000)
  object space 340480K, 99% used [0x00000000c0000000,0x00000000d4abc0f8,0x00000000d4c80000)
 Metaspace       used 101412K, committed 102720K, reserved 1146880K
  class space    used 10894K, committed 11520K, reserved 1048576K
}
Event: 1380.235 GC heap after
{Heap after GC invocations=11028 (full 198):
 PSYoungGen      total 93696K, used 224K [0x00000000eab00000, 0x00000000f0e00000, 0x0000000100000000)
  eden space 93184K, 0% used [0x00000000eab00000,0x00000000eab00000,0x00000000f0600000)
  from space 512K, 43% used [0x00000000f0d80000,0x00000000f0db8000,0x00000000f0e00000)
  to   space 1024K, 0% used [0x00000000f0c00000,0x00000000f0c00000,0x00000000f0d00000)
 ParOldGen       total 340480K, used 340003K [0x00000000c0000000, 0x00000000d4c80000, 0x00000000eab00000)
  object space 340480K, 99% used [0x00000000c0000000,0x00000000d4c08f98,0x00000000d4c80000)
 Metaspace       used 101412K, committed 102720K, reserved 1146880K
  class space    used 10894K, committed 11520K, reserved 1048576K
}
Event: 1380.236 GC heap before
{Heap before GC invocations=11029 (full 199):
 PSYoungGen      total 93696K, used 224K [0x00000000eab00000, 0x00000000f0e00000, 0x0000000100000000)
  eden space 93184K, 0% used [0x00000000eab00000,0x00000000eab00000,0x00000000f0600000)
  from space 512K, 43% used [0x00000000f0d80000,0x00000000f0db8000,0x00000000f0e00000)
  to   space 1024K, 0% used [0x00000000f0c00000,0x00000000f0c00000,0x00000000f0d00000)
 ParOldGen       total 340480K, used 340003K [0x00000000c0000000, 0x00000000d4c80000, 0x00000000eab00000)
  object space 340480K, 99% used [0x00000000c0000000,0x00000000d4c08f98,0x00000000d4c80000)
 Metaspace       used 101412K, committed 102720K, reserved 1146880K
  class space    used 10894K, committed 11520K, reserved 1048576K
}

Dll operation events (14 events):
Event: 0.012 Loaded shared library c:\Users\steph\.vscode\extensions\redhat.java-1.16.0-win32-x64\jre\17.0.6-win32-x86_64\bin\java.dll
Event: 0.271 Loaded shared library c:\Users\steph\.vscode\extensions\redhat.java-1.16.0-win32-x64\jre\17.0.6-win32-x86_64\bin\zip.dll
Event: 0.281 Loaded shared library C:\Users\steph\.vscode\extensions\redhat.java-1.16.0-win32-x64\jre\17.0.6-win32-x86_64\bin\instrument.dll
Event: 0.302 Loaded shared library C:\Users\steph\.vscode\extensions\redhat.java-1.16.0-win32-x64\jre\17.0.6-win32-x86_64\bin\net.dll
Event: 0.306 Loaded shared library C:\Users\steph\.vscode\extensions\redhat.java-1.16.0-win32-x64\jre\17.0.6-win32-x86_64\bin\nio.dll
Event: 0.316 Loaded shared library C:\Users\steph\.vscode\extensions\redhat.java-1.16.0-win32-x64\jre\17.0.6-win32-x86_64\bin\zip.dll
Event: 0.343 Loaded shared library C:\Users\steph\.vscode\extensions\redhat.java-1.16.0-win32-x64\jre\17.0.6-win32-x86_64\bin\jimage.dll
Event: 0.436 Loaded shared library c:\Users\steph\.vscode\extensions\redhat.java-1.16.0-win32-x64\jre\17.0.6-win32-x86_64\bin\verify.dll
Event: 1.749 Loaded shared library C:\Users\steph\AppData\Roaming\Code\User\globalStorage\redhat.java\1.16.0\config_win\org.eclipse.equinox.launcher\org.eclipse.equinox.launcher.win32.win32.x86_64_1.2.700.v20221108-1024\eclipse_11801.dll
Event: 2.436 Loaded shared library C:\Users\steph\.vscode\extensions\redhat.java-1.16.0-win32-x64\jre\17.0.6-win32-x86_64\bin\management.dll
Event: 2.440 Loaded shared library C:\Users\steph\.vscode\extensions\redhat.java-1.16.0-win32-x64\jre\17.0.6-win32-x86_64\bin\management_ext.dll
Event: 4.235 Loaded shared library C:\Users\steph\AppData\Local\Temp\jna-109761308\jna4819572068981206653.dll
Event: 7.765 Loaded shared library C:\Users\steph\.gradle\native\68d5fa5c4cc2d200863cafc0d521ce42e7d3e7ee720ec0a83991735586a16f82\windows-amd64\native-platform.dll
Event: 13.983 Loaded shared library C:\Users\steph\.vscode\extensions\redhat.java-1.16.0-win32-x64\jre\17.0.6-win32-x86_64\bin\sunmscapi.dll

Deoptimization events (20 events):
Event: 1310.771 Thread 0x00000202648ef4f0 DEOPT PACKING pc=0x000002024537d564 sp=0x000000107d8fdca0
Event: 1310.771 Thread 0x00000202648ef4f0 DEOPT UNPACKING pc=0x0000020242b366a3 sp=0x000000107d8fdbd0 mode 2
Event: 1310.771 Thread 0x00000202648ef4f0 Uncommon trap: trap_request=0xffffffde fr.pc=0x000002024537d564 relative=0x0000000000001184
Event: 1310.771 Thread 0x00000202648ef4f0 Uncommon trap: reason=class_check action=maybe_recompile pc=0x000002024537d564 method=org.eclipse.jdt.internal.core.SourceTypeElementInfo.isAnonymous()Z @ 4 c2
Event: 1310.771 Thread 0x00000202648ef4f0 DEOPT PACKING pc=0x000002024537d564 sp=0x000000107d8fdca0
Event: 1310.771 Thread 0x00000202648ef4f0 DEOPT UNPACKING pc=0x0000020242b366a3 sp=0x000000107d8fdbd0 mode 2
Event: 1310.771 Thread 0x00000202648ef4f0 Uncommon trap: trap_request=0xffffff45 fr.pc=0x0000020245320608 relative=0x0000000000001ec8
Event: 1310.771 Thread 0x00000202648ef4f0 Uncommon trap: reason=unstable_if action=reinterpret pc=0x0000020245320608 method=org.eclipse.jdt.internal.core.hierarchy.HierarchyBuilder.connect(Lorg/eclipse/jdt/internal/compiler/env/IGenericType;Lorg/eclipse/jdt/core/IType;Lorg/eclipse/jdt/core/IType;
Event: 1310.771 Thread 0x00000202648ef4f0 DEOPT PACKING pc=0x0000020245320608 sp=0x000000107d8fdc90
Event: 1310.771 Thread 0x00000202648ef4f0 DEOPT UNPACKING pc=0x0000020242b366a3 sp=0x000000107d8fdca8 mode 2
Event: 1311.308 Thread 0x00000202584ccd10 Uncommon trap: trap_request=0xffffffde fr.pc=0x00000202440964cc relative=0x000000000000552c
Event: 1311.308 Thread 0x00000202584ccd10 Uncommon trap: reason=class_check action=maybe_recompile pc=0x00000202440964cc method=lombok.eclipse.handlers.HandleFieldDefaults.visitType(Llombok/eclipse/EclipseNode;Lorg/eclipse/jdt/internal/compiler/ast/TypeDeclaration;)V @ 79 c2
Event: 1311.308 Thread 0x00000202584ccd10 DEOPT PACKING pc=0x00000202440964cc sp=0x000000107bbfdc50
Event: 1311.308 Thread 0x00000202584ccd10 DEOPT UNPACKING pc=0x0000020242b366a3 sp=0x000000107bbfdc38 mode 2
Event: 1312.659 Thread 0x00000202648f0830 DEOPT PACKING pc=0x000002023da41d0b sp=0x000000107d4febc0
Event: 1312.660 Thread 0x00000202648f0830 DEOPT UNPACKING pc=0x0000020242b36e43 sp=0x000000107d4fe240 mode 0
Event: 1347.626 Thread 0x00000202648ef4f0 Uncommon trap: trap_request=0xffffff45 fr.pc=0x0000020245341fb0 relative=0x0000000000000f30
Event: 1347.626 Thread 0x00000202648ef4f0 Uncommon trap: reason=unstable_if action=reinterpret pc=0x0000020245341fb0 method=org.eclipse.jdt.core.dom.rewrite.ImportRewrite.findInImports(Ljava/lang/String;Ljava/lang/String;I)I @ 2 c2
Event: 1347.626 Thread 0x00000202648ef4f0 DEOPT PACKING pc=0x0000020245341fb0 sp=0x000000107d8fe810
Event: 1347.626 Thread 0x00000202648ef4f0 DEOPT UNPACKING pc=0x0000020242b366a3 sp=0x000000107d8fe7b0 mode 2

Classes unloaded (20 events):
Event: 878.855 Thread 0x000002024ce7c2b0 Unloading class 0x0000000100a62400 'java/lang/invoke/LambdaForm$MH+0x0000000100a62400'
Event: 878.855 Thread 0x000002024ce7c2b0 Unloading class 0x00000001005b9400 'java/lang/invoke/LambdaForm$MH+0x00000001005b9400'
Event: 878.855 Thread 0x000002024ce7c2b0 Unloading class 0x00000001005b9000 'java/lang/invoke/LambdaForm$MH+0x00000001005b9000'
Event: 878.855 Thread 0x000002024ce7c2b0 Unloading class 0x00000001005b8c00 'java/lang/invoke/LambdaForm$MH+0x00000001005b8c00'
Event: 878.855 Thread 0x000002024ce7c2b0 Unloading class 0x00000001005b8800 'java/lang/invoke/LambdaForm$MH+0x00000001005b8800'
Event: 878.855 Thread 0x000002024ce7c2b0 Unloading class 0x00000001005b8400 'java/lang/invoke/LambdaForm$MH+0x00000001005b8400'
Event: 878.855 Thread 0x000002024ce7c2b0 Unloading class 0x00000001005b8000 'java/lang/invoke/LambdaForm$MH+0x00000001005b8000'
Event: 878.855 Thread 0x000002024ce7c2b0 Unloading class 0x000000010030f000 'java/lang/invoke/LambdaForm$MH+0x000000010030f000'
Event: 878.855 Thread 0x000002024ce7c2b0 Unloading class 0x000000010030ec00 'java/lang/invoke/LambdaForm$MH+0x000000010030ec00'
Event: 878.855 Thread 0x000002024ce7c2b0 Unloading class 0x000000010030e800 'java/lang/invoke/LambdaForm$MH+0x000000010030e800'
Event: 878.855 Thread 0x000002024ce7c2b0 Unloading class 0x000000010030e400 'java/lang/invoke/LambdaForm$MH+0x000000010030e400'
Event: 878.855 Thread 0x000002024ce7c2b0 Unloading class 0x00000001001a2800 'java/lang/invoke/LambdaForm$MH+0x00000001001a2800'
Event: 878.855 Thread 0x000002024ce7c2b0 Unloading class 0x00000001001a2000 'java/lang/invoke/LambdaForm$MH+0x00000001001a2000'
Event: 878.855 Thread 0x000002024ce7c2b0 Unloading class 0x00000001001a1c00 'java/lang/invoke/LambdaForm$MH+0x00000001001a1c00'
Event: 878.855 Thread 0x000002024ce7c2b0 Unloading class 0x00000001001a1800 'java/lang/invoke/LambdaForm$MH+0x00000001001a1800'
Event: 878.855 Thread 0x000002024ce7c2b0 Unloading class 0x00000001001a1000 'java/lang/invoke/LambdaForm$MH+0x00000001001a1000'
Event: 878.855 Thread 0x000002024ce7c2b0 Unloading class 0x00000001001a0c00 'java/lang/invoke/LambdaForm$MH+0x00000001001a0c00'
Event: 878.855 Thread 0x000002024ce7c2b0 Unloading class 0x00000001001a0800 'java/lang/invoke/LambdaForm$MH+0x00000001001a0800'
Event: 878.855 Thread 0x000002024ce7c2b0 Unloading class 0x00000001001a0000 'java/lang/invoke/LambdaForm$MH+0x00000001001a0000'
Event: 898.366 Thread 0x000002024ce7c2b0 Unloading class 0x00000001007d8c00 'jdk/internal/reflect/GeneratedMethodAccessor14'

Classes redefined (0 events):
No events

Internal exceptions (20 events):
Event: 1349.535 Thread 0x0000020252097bc0 Exception <a 'java/lang/NullPointerException'{0x00000000ebeec278}> (0x00000000ebeec278) 
thrown [s\src\hotspot\share\runtime\sharedRuntime.cpp, line 628]
Event: 1349.578 Thread 0x0000020256cbd530 Implicit null exception at 0x000002023c9107f6 to 0x000002023c910e7d
Event: 1349.578 Thread 0x0000020256cbd530 Exception <a 'java/lang/NullPointerException'{0x00000000ec196298}> (0x00000000ec196298) 
thrown [s\src\hotspot\share\runtime\sharedRuntime.cpp, line 628]
Event: 1349.579 Thread 0x0000020256cbd530 Implicit null exception at 0x000002023c9107f6 to 0x000002023c910e7d
Event: 1349.579 Thread 0x0000020256cbd530 Exception <a 'java/lang/NullPointerException'{0x00000000ec36de90}> (0x00000000ec36de90) 
thrown [s\src\hotspot\share\runtime\sharedRuntime.cpp, line 628]
Event: 1349.650 Thread 0x0000020256cbd530 Implicit null exception at 0x000002023c9107f6 to 0x000002023c910e7d
Event: 1349.650 Thread 0x0000020256cbd530 Exception <a 'java/lang/NullPointerException'{0x00000000ecde4950}> (0x00000000ecde4950) 
thrown [s\src\hotspot\share\runtime\sharedRuntime.cpp, line 628]
Event: 1349.651 Thread 0x0000020256cbd530 Implicit null exception at 0x000002023c9107f6 to 0x000002023c910e7d
Event: 1349.651 Thread 0x0000020256cbd530 Exception <a 'java/lang/NullPointerException'{0x00000000ed21e538}> (0x00000000ed21e538) 
thrown [s\src\hotspot\share\runtime\sharedRuntime.cpp, line 628]
Event: 1349.692 Thread 0x0000020256cbd530 Implicit null exception at 0x000002023c9107f6 to 0x000002023c910e7d
Event: 1349.692 Thread 0x0000020256cbd530 Exception <a 'java/lang/NullPointerException'{0x00000000eabf1328}> (0x00000000eabf1328) 
thrown [s\src\hotspot\share\runtime\sharedRuntime.cpp, line 628]
Event: 1349.693 Thread 0x0000020256cbd530 Implicit null exception at 0x000002023c9107f6 to 0x000002023c910e7d
Event: 1349.693 Thread 0x0000020256cbd530 Exception <a 'java/lang/NullPointerException'{0x00000000eb090d68}> (0x00000000eb090d68) 
thrown [s\src\hotspot\share\runtime\sharedRuntime.cpp, line 628]
Event: 1349.726 Thread 0x0000020256cbd530 Implicit null exception at 0x000002023c9107f6 to 0x000002023c910e7d
Event: 1349.726 Thread 0x0000020256cbd530 Exception <a 'java/lang/NullPointerException'{0x00000000ed38e728}> (0x00000000ed38e728) 
thrown [s\src\hotspot\share\runtime\sharedRuntime.cpp, line 628]
Event: 1349.757 Thread 0x0000020256cbd530 Implicit null exception at 0x000002023c9107f6 to 0x000002023c910e7d
Event: 1349.757 Thread 0x0000020256cbd530 Exception <a 'java/lang/NullPointerException'{0x00000000ec2a5b80}> (0x00000000ec2a5b80) 
thrown [s\src\hotspot\share\runtime\sharedRuntime.cpp, line 628]
Event: 1349.774 Thread 0x0000020256cbd530 Implicit null exception at 0x000002023c9107f6 to 0x000002023c910e7d
Event: 1349.774 Thread 0x0000020256cbd530 Exception <a 'java/lang/NullPointerException'{0x00000000ecb25c08}> (0x00000000ecb25c08) 
thrown [s\src\hotspot\share\runtime\sharedRuntime.cpp, line 628]
Event: 1364.160 Thread 0x00000202648f5060 Exception <a 'java/lang/InterruptedException'{0x00000000eab6d378}> (0x00000000eab6d378) 
thrown [s\src\hotspot\share\runtime\objectMonitor.cpp, line 1648]

VM Operations (20 events):
Event: 1380.019 Executing VM operation: ParallelGCFailedAllocation done
Event: 1380.044 Executing VM operation: ParallelGCFailedAllocation
Event: 1380.047 Executing VM operation: ParallelGCFailedAllocation done
Event: 1380.065 Executing VM operation: ParallelGCFailedAllocation
Event: 1380.067 Executing VM operation: ParallelGCFailedAllocation done
Event: 1380.084 Executing VM operation: ParallelGCFailedAllocation
Event: 1380.087 Executing VM operation: ParallelGCFailedAllocation done
Event: 1380.102 Executing VM operation: ParallelGCFailedAllocation
Event: 1380.105 Executing VM operation: ParallelGCFailedAllocation done
Event: 1380.122 Executing VM operation: ParallelGCFailedAllocation
Event: 1380.129 Executing VM operation: ParallelGCFailedAllocation done
Event: 1380.145 Executing VM operation: ParallelGCFailedAllocation
Event: 1380.148 Executing VM operation: ParallelGCFailedAllocation done
Event: 1380.172 Executing VM operation: ParallelGCFailedAllocation
Event: 1380.174 Executing VM operation: ParallelGCFailedAllocation done
Event: 1380.190 Executing VM operation: ParallelGCFailedAllocation
Event: 1380.193 Executing VM operation: ParallelGCFailedAllocation done
Event: 1380.209 Executing VM operation: ParallelGCFailedAllocation
Event: 1380.212 Executing VM operation: ParallelGCFailedAllocation done
Event: 1380.233 Executing VM operation: ParallelGCFailedAllocation

Events (20 events):
Event: 1310.243 Thread 0x000002024eb73d10 flushing nmethod 0x000002023dab5b90
Event: 1310.243 Thread 0x000002024eb73d10 flushing nmethod 0x000002023dad8f90
Event: 1310.576 Thread 0x0000020256cba9e0 Thread added: 0x0000020256cba9e0
Event: 1310.642 Thread 0x0000020256cba9e0 Thread exited: 0x0000020256cba9e0
Event: 1311.483 Thread 0x0000020256cba9e0 Thread added: 0x0000020256cba9e0
Event: 1311.545 Thread 0x0000020256cba9e0 Thread exited: 0x0000020256cba9e0
Event: 1312.570 Thread 0x0000020256cbcb90 Thread added: 0x0000020256cbcb90
Event: 1312.629 Thread 0x0000020256cbcb90 Thread exited: 0x0000020256cbcb90
Event: 1346.566 Thread 0x0000020256cba9e0 Thread added: 0x0000020256cba9e0
Event: 1346.566 Thread 0x0000020256cbc6c0 Thread added: 0x0000020256cbc6c0
Event: 1346.566 Thread 0x0000020256cbcb90 Thread added: 0x0000020256cbcb90
Event: 1346.566 Thread 0x0000020256cbc6c0 Thread exited: 0x0000020256cbc6c0
Event: 1346.566 Thread 0x0000020256cbcb90 Thread exited: 0x0000020256cbcb90
Event: 1346.567 Thread 0x0000020256cba9e0 Thread exited: 0x0000020256cba9e0
Event: 1348.927 Thread 0x0000020256cba9e0 Thread added: 0x0000020256cba9e0
Event: 1348.986 Thread 0x0000020256cba9e0 Thread exited: 0x0000020256cba9e0
Event: 1364.161 Thread 0x00000202648f3380 Thread exited: 0x00000202648f3380
Event: 1364.161 Thread 0x00000202648f5060 Thread exited: 0x00000202648f5060
Event: 1364.161 Thread 0x00000202584cbea0 Thread exited: 0x00000202584cbea0
Event: 1364.397 Thread 0x00000202648f16a0 Thread exited: 0x00000202648f16a0


Dynamic libraries:
0x00007ff6220b0000 - 0x00007ff6220be000 	c:\Users\steph\.vscode\extensions\redhat.java-1.16.0-win32-x64\jre\17.0.6-win32-x86_64\bin\java.exe
0x00007ff9a9f00000 - 0x00007ff9aa109000 	C:\WINDOWS\SYSTEM32\ntdll.dll
0x00007ff9a9270000 - 0x00007ff9a932e000 	C:\WINDOWS\System32\KERNEL32.DLL
0x00007ff9a7a00000 - 0x00007ff9a7d7c000 	C:\WINDOWS\System32\KERNELBASE.dll
0x00007ff9a73d0000 - 0x00007ff9a74e1000 	C:\WINDOWS\System32\ucrtbase.dll
0x00007ff936320000 - 0x00007ff936337000 	c:\Users\steph\.vscode\extensions\redhat.java-1.16.0-win32-x64\jre\17.0.6-win32-x86_64\bin\jli.dll
0x00007ff936340000 - 0x00007ff936359000 	c:\Users\steph\.vscode\extensions\redhat.java-1.16.0-win32-x64\jre\17.0.6-win32-x86_64\bin\VCRUNTIME140.dll
0x00007ff9a94e0000 - 0x00007ff9a968d000 	C:\WINDOWS\System32\USER32.dll
0x00007ff9a74f0000 - 0x00007ff9a7516000 	C:\WINDOWS\System32\win32u.dll
0x00007ff9a9e30000 - 0x00007ff9a9e59000 	C:\WINDOWS\System32\GDI32.dll
0x00007ff98cb80000 - 0x00007ff98ce25000 	C:\WINDOWS\WinSxS\amd64_microsoft.windows.common-controls_6595b64144ccf1df_6.0.22000.120_none_9d947278b86cc467\COMCTL32.dll
0x00007ff9a7520000 - 0x00007ff9a7638000 	C:\WINDOWS\System32\gdi32full.dll
0x00007ff9a7780000 - 0x00007ff9a781d000 	C:\WINDOWS\System32\msvcp_win.dll
0x00007ff9a91c0000 - 0x00007ff9a9263000 	C:\WINDOWS\System32\msvcrt.dll
0x00007ff9a9c00000 - 0x00007ff9a9c31000 	C:\WINDOWS\System32\IMM32.DLL
0x00007ff993b80000 - 0x00007ff993b8c000 	c:\Users\steph\.vscode\extensions\redhat.java-1.16.0-win32-x64\jre\17.0.6-win32-x86_64\bin\vcruntime140_1.dll
0x00007ff9355a0000 - 0x00007ff935631000 	c:\Users\steph\.vscode\extensions\redhat.java-1.16.0-win32-x64\jre\17.0.6-win32-x86_64\bin\msvcp140.dll
0x00007ff934950000 - 0x00007ff935597000 	c:\Users\steph\.vscode\extensions\redhat.java-1.16.0-win32-x64\jre\17.0.6-win32-x86_64\bin\server\jvm.dll
0x00007ff9a9d80000 - 0x00007ff9a9e2e000 	C:\WINDOWS\System32\ADVAPI32.dll
0x00007ff9a8810000 - 0x00007ff9a88ae000 	C:\WINDOWS\System32\sechost.dll
0x00007ff9a9760000 - 0x00007ff9a9880000 	C:\WINDOWS\System32\RPCRT4.dll
0x00007ff92f7c0000 - 0x00007ff92f7c9000 	C:\WINDOWS\SYSTEM32\WSOCK32.dll
0x00007ff99f9c0000 - 0x00007ff99f9ca000 	C:\WINDOWS\SYSTEM32\VERSION.dll
0x00007ff9a7f20000 - 0x00007ff9a7f8f000 	C:\WINDOWS\System32\WS2_32.dll
0x00007ff99ca50000 - 0x00007ff99ca83000 	C:\WINDOWS\SYSTEM32\WINMM.dll
0x00007ff9a6540000 - 0x00007ff9a6558000 	C:\WINDOWS\SYSTEM32\kernel.appcore.dll
0x00007ff9363d0000 - 0x00007ff9363da000 	c:\Users\steph\.vscode\extensions\redhat.java-1.16.0-win32-x64\jre\17.0.6-win32-x86_64\bin\jimage.dll
0x00007ff99fe20000 - 0x00007ff9a0041000 	C:\WINDOWS\SYSTEM32\DBGHELP.DLL
0x00007ff9954b0000 - 0x00007ff9954e1000 	C:\WINDOWS\SYSTEM32\dbgcore.DLL
0x00007ff9a7640000 - 0x00007ff9a76bf000 	C:\WINDOWS\System32\bcryptPrimitives.dll
0x00007ff9363c0000 - 0x00007ff9363ce000 	c:\Users\steph\.vscode\extensions\redhat.java-1.16.0-win32-x64\jre\17.0.6-win32-x86_64\bin\instrument.dll
0x00007ff936390000 - 0x00007ff9363b5000 	c:\Users\steph\.vscode\extensions\redhat.java-1.16.0-win32-x64\jre\17.0.6-win32-x86_64\bin\java.dll
0x00007ff936370000 - 0x00007ff936388000 	c:\Users\steph\.vscode\extensions\redhat.java-1.16.0-win32-x64\jre\17.0.6-win32-x86_64\bin\zip.dll
0x00007ff9a8040000 - 0x00007ff9a8805000 	C:\WINDOWS\System32\SHELL32.dll
0x00007ff9a54d0000 - 0x00007ff9a5d35000 	C:\WINDOWS\SYSTEM32\windows.storage.dll
0x00007ff9a9880000 - 0x00007ff9a9bf6000 	C:\WINDOWS\System32\combase.dll
0x00007ff9a5360000 - 0x00007ff9a54c6000 	C:\WINDOWS\SYSTEM32\wintypes.dll
0x00007ff9a8b20000 - 0x00007ff9a8c0a000 	C:\WINDOWS\System32\SHCORE.dll
0x00007ff9a9080000 - 0x00007ff9a90dd000 	C:\WINDOWS\System32\shlwapi.dll
0x00007ff9a7300000 - 0x00007ff9a7321000 	C:\WINDOWS\SYSTEM32\profapi.dll
0x00007ff934820000 - 0x00007ff934839000 	C:\Users\steph\.vscode\extensions\redhat.java-1.16.0-win32-x64\jre\17.0.6-win32-x86_64\bin\net.dll
0x00007ff9a24f0000 - 0x00007ff9a2602000 	C:\WINDOWS\SYSTEM32\WINHTTP.dll
0x00007ff9a69e0000 - 0x00007ff9a6a47000 	C:\WINDOWS\system32\mswsock.dll
0x00007ff9346e0000 - 0x00007ff9346f5000 	C:\Users\steph\.vscode\extensions\redhat.java-1.16.0-win32-x64\jre\17.0.6-win32-x86_64\bin\nio.dll
0x00007ff936360000 - 0x00007ff936370000 	c:\Users\steph\.vscode\extensions\redhat.java-1.16.0-win32-x64\jre\17.0.6-win32-x86_64\bin\verify.dll
0x00007ff970510000 - 0x00007ff97054e000 	C:\Users\steph\AppData\Roaming\Code\User\globalStorage\redhat.java\1.16.0\config_win\org.eclipse.equinox.launcher\org.eclipse.equinox.launcher.win32.win32.x86_64_1.2.700.v20221108-1024\eclipse_11801.dll
0x00007ff9a7d80000 - 0x00007ff9a7f1a000 	C:\WINDOWS\System32\ole32.dll
0x00007ff9a4800000 - 0x00007ff9a4809000 	C:\Users\steph\.vscode\extensions\redhat.java-1.16.0-win32-x64\jre\17.0.6-win32-x86_64\bin\management.dll
0x00007ff990d40000 - 0x00007ff990d4b000 	C:\Users\steph\.vscode\extensions\redhat.java-1.16.0-win32-x64\jre\17.0.6-win32-x86_64\bin\management_ext.dll
0x00007ff9a9c60000 - 0x00007ff9a9c68000 	C:\WINDOWS\System32\PSAPI.DLL
0x00007ff9a6c20000 - 0x00007ff9a6c38000 	C:\WINDOWS\SYSTEM32\CRYPTSP.dll
0x00007ff9a64a0000 - 0x00007ff9a64d5000 	C:\WINDOWS\system32\rsaenh.dll
0x00007ff9a6ad0000 - 0x00007ff9a6af9000 	C:\WINDOWS\SYSTEM32\USERENV.dll
0x00007ff9a6db0000 - 0x00007ff9a6dd7000 	C:\WINDOWS\SYSTEM32\bcrypt.dll
0x00007ff9a6c40000 - 0x00007ff9a6c4c000 	C:\WINDOWS\SYSTEM32\CRYPTBASE.dll
0x00007ff9a6070000 - 0x00007ff9a609d000 	C:\WINDOWS\SYSTEM32\IPHLPAPI.DLL
0x00007ff9a8a80000 - 0x00007ff9a8a89000 	C:\WINDOWS\System32\NSI.dll
0x00007ff9a1260000 - 0x00007ff9a1279000 	C:\WINDOWS\SYSTEM32\dhcpcsvc6.DLL
0x00007ff9a24d0000 - 0x00007ff9a24ee000 	C:\WINDOWS\SYSTEM32\dhcpcsvc.DLL
0x00007ff9a60a0000 - 0x00007ff9a6188000 	C:\WINDOWS\SYSTEM32\DNSAPI.dll
0x00007ff98f640000 - 0x00007ff98f685000 	C:\Users\steph\AppData\Local\Temp\jna-109761308\jna4819572068981206653.dll
0x00007ff9704e0000 - 0x00007ff970507000 	C:\Users\steph\.gradle\native\68d5fa5c4cc2d200863cafc0d521ce42e7d3e7ee720ec0a83991735586a16f82\windows-amd64\native-platform.dll
0x00007ff9994e0000 - 0x00007ff9994ee000 	C:\Users\steph\.vscode\extensions\redhat.java-1.16.0-win32-x64\jre\17.0.6-win32-x86_64\bin\sunmscapi.dll
0x00007ff9a7890000 - 0x00007ff9a79f2000 	C:\WINDOWS\System32\CRYPT32.dll
0x00007ff9a6d80000 - 0x00007ff9a6da8000 	C:\WINDOWS\SYSTEM32\ncrypt.dll
0x00007ff9a6d40000 - 0x00007ff9a6d77000 	C:\WINDOWS\SYSTEM32\NTASN1.dll
0x00007ff98f080000 - 0x00007ff98f088000 	C:\WINDOWS\system32\wshunix.dll

dbghelp: loaded successfully - version: 4.0.5 - missing functions: none
symbol engine: initialized successfully - sym options: 0x614 - pdb path: .;c:\Users\steph\.vscode\extensions\redhat.java-1.16.0-win32-x64\jre\17.0.6-win32-x86_64\bin;C:\WINDOWS\SYSTEM32;C:\WINDOWS\WinSxS\amd64_microsoft.windows.common-controls_6595b64144ccf1df_6.0.22000.120_none_9d947278b86cc467;c:\Users\steph\.vscode\extensions\redhat.java-1.16.0-win32-x64\jre\17.0.6-win32-x86_64\bin\server;C:\Users\steph\AppData\Roaming\Code\User\globalStorage\redhat.java\1.16.0\config_win\org.eclipse.equinox.launcher\org.eclipse.equinox.launcher.win32.win32.x86_64_1.2.700.v20221108-1024;C:\Users\steph\AppData\Local\Temp\jna-109761308;C:\Users\steph\.gradle\native\68d5fa5c4cc2d200863cafc0d521ce42e7d3e7ee720ec0a83991735586a16f82\windows-amd64

VM Arguments:
jvm_args: --add-modules=ALL-SYSTEM --add-opens=java.base/java.util=ALL-UNNAMED --add-opens=java.base/java.lang=ALL-UNNAMED --add-opens=java.base/sun.nio.fs=ALL-UNNAMED -Declipse.application=org.eclipse.jdt.ls.core.id1 -Dosgi.bundles.defaultStartLevel=4 -Declipse.product=org.eclipse.jdt.ls.core.product -Djava.import.generatesMetadataFilesAtProjectRoot=false -Dfile.encoding=utf8 -XX:+UseParallelGC -XX:GCTimeRatio=4 -XX:AdaptiveSizePolicyWeight=90 -Dsun.zip.disableMemoryMapping=true -Xmx1G -Xms100m -Xlog:disable -javaagent:c:\Users\steph\.vscode\extensions\redhat.java-1.16.0-win32-x64\lombok\lombok-1.18.24.jar -XX:+HeapDumpOnOutOfMemoryError -XX:HeapDumpPath=c:\Users\steph\AppData\Roaming\Code\User\workspaceStorage\4cce55445a615a22d93a268d99ccd45d\redhat.java 
java_command: c:\Users\steph\.vscode\extensions\redhat.java-1.16.0-win32-x64\server\plugins\org.eclipse.equinox.launcher_1.6.400.v20210924-0641.jar -configuration c:\Users\steph\AppData\Roaming\Code\User\globalStorage\redhat.java\1.16.0\config_win -data c:\Users\steph\AppData\Roaming\Code\User\workspaceStorage\4cce55445a615a22d93a268d99ccd45d\redhat.java\jdt_ws
java_class_path (initial): c:\Users\steph\.vscode\extensions\redhat.java-1.16.0-win32-x64\server\plugins\org.eclipse.equinox.launcher_1.6.400.v20210924-0641.jar
Launcher Type: SUN_STANDARD

[Global flags]
    uintx AdaptiveSizePolicyWeight                 = 90                                        {product} {command line}
     intx CICompilerCount                          = 12                                        {product} {ergonomic}
    uintx GCTimeRatio                              = 4                                         {product} {command line}
     bool HeapDumpOnOutOfMemoryError               = true                                   {manageable} {command line}
    ccstr HeapDumpPath                             = c:\Users\steph\AppData\Roaming\Code\User\workspaceStorage\4cce55445a615a22d93a268d99ccd45d\redhat.java         {manageable} {command line}
   size_t InitialHeapSize                          = 104857600                                 {product} {command line}
   size_t MaxHeapSize                              = 1073741824                                {product} {command line}
   size_t MaxNewSize                               = 357564416                                 {product} {ergonomic}
   size_t MinHeapDeltaBytes                        = 524288                                    {product} {ergonomic}
   size_t MinHeapSize                              = 104857600                                 {product} {command line}
   size_t NewSize                                  = 34603008                                  {product} {ergonomic}
    uintx NonNMethodCodeHeapSize                   = 7602480                                {pd product} {ergonomic}
    uintx NonProfiledCodeHeapSize                  = 122027880                              {pd product} {ergonomic}
   size_t OldSize                                  = 70254592                                  {product} {ergonomic}
    uintx ProfiledCodeHeapSize                     = 122027880                              {pd product} {ergonomic}
    uintx ReservedCodeCacheSize                    = 251658240                              {pd product} {ergonomic}
     bool SegmentedCodeCache                       = true                                      {product} {ergonomic}
   size_t SoftMaxHeapSize                          = 1073741824                             {manageable} {ergonomic}
     bool UseCompressedClassPointers               = true                           {product lp64_product} {ergonomic}
     bool UseCompressedOops                        = true                           {product lp64_product} {ergonomic}
     bool UseLargePagesIndividualAllocation        = false                                  {pd product} {ergonomic}
     bool UseParallelGC                            = true                                      {product} {command line}

Logging:
Log output configuration:
 #0: stdout all=off uptime,level,tags
 #1: stderr all=off uptime,level,tags

Environment Variables:
JAVA_HOME=C:\Program Files\Java\jdk-19
PATH=C:\Program Files\Java\jdk-19\bin;C:\Program Files\Common Files\Oracle\Java\javapath;C:\Program Files (x86)\NVIDIA Corporation\PhysX\Common;C:\Python27\;C:\Python27\Scripts;C:\WINDOWS\system32;C:\WINDOWS;C:\WINDOWS\System32\Wbem;C:\WINDOWS\System32\WindowsPowerShell\v1.0\;C:\WINDOWS\System32\OpenSSH\;C:\ProgramData\chocolatey\bin;C:\Program Files\nodejs\;C:\Program Files\Git\cmd;C:\Program Files\dotnet\;C:\Users\steph\.windows-build-tools\python27\;C:\Users\steph\AppData\Local\Microsoft\WindowsApps;C:\FFmpeg\bin;C:\Users\steph\AppData\Local\Programs\Microsoft VS Code\bin;C:\YTDL;C:\Program Files\heroku\bin;C:\Users\steph\AppData\Roaming\npm;C:\ffmpeg\bin;C:\Users\steph\AppData\Local\Microsoft\WindowsApps;C:\Users\steph\.dotnet\tools
USERNAME=steph
OS=Windows_NT
PROCESSOR_IDENTIFIER=AMD64 Family 23 Model 1 Stepping 1, AuthenticAMD
TMP=C:\Users\steph\AppData\Local\Temp
TEMP=C:\Users\steph\AppData\Local\Temp



---------------  S Y S T E M  ---------------

OS:
 Windows 11 , 64 bit Build 22000 (10.0.22000.1516)
OS uptime: 0 days 3:46 hours

CPU: total 16 (initial active 16) (16 cores per cpu, 2 threads per core) family 23 model 1 stepping 1 microcode 0x0, cx8, cmov, fxsr, ht, mmx, 3dnowpref, sse, sse2, sse3, ssse3, sse4a, sse4.1, sse4.2, popcnt, lzcnt, tsc, tscinvbit, avx, avx2, aes, clmul, bmi1, bmi2, adx, sha, fma, vzeroupper, clflush, clflushopt

Memory: 4k page, system-wide physical 16333M (7405M free)
TotalPageFile size 25549M (AvailPageFile size 9457M)
current process WorkingSet (physical memory assigned to process): 966M, peak: 966M
current process commit charge ("private bytes"): 871M, peak: 878M

vm_info: OpenJDK 64-Bit Server VM (17.0.6+10) for windows-amd64 JRE (17.0.6+10), built on Jan 18 2023 10:08:59 by "temurin" with MS VC++ 16.7 (VS2019)

END.
